<?xml version="1.0" encoding="UTF-8" ?>
<testsuite errors="0" failures="0" hostname="reaapi" name="com.foo.FooTest" tests="1" time="0.05" timestamp="2012-10-02T10:15:22">
  <properties>
    <property name="java.runtime.name" value="Java(TM) SE Runtime Environment" />
    <property name="sun.boot.library.path" value="/System/Library/Java/JavaVirtualMachines/1.6.0.jdk/Contents/Libraries" />
    <property name="java.vm.version" value="20.10-b01-428" />
    <property name="awt.nativeDoubleBuffering" value="true" />
    <property name="gopherProxySet" value="false" />
    <property name="ant.version" value="Apache Ant(TM) version 1.8.3 compiled on February 26 2012" />
    <property name="mrj.build" value="11M3811" />
    <property name="ant.java.version" value="1.6" />
    <property name="java.vm.vendor" value="Apple Inc." />
    <property name="java.vendor.url" value="http://www.apple.com/" />
    <property name="path.separator" value=":" />
    <property name="java.vm.name" value="Java HotSpot(TM) 64-Bit Server VM" />
    <property name="file.encoding.pkg" value="sun.io" />
    <property name="user.country" value="US" />
    <property name="sun.java.launcher" value="SUN_STANDARD" />
    <property name="sun.os.patch.level" value="unknown" />
    <property name="java.vm.specification.name" value="Java Virtual Machine Specification" />
    <property name="user.dir" value="/Users/reaapi/personal/1step/sample" />
    <property name="java.runtime.version" value="1.6.0_35-b10-428-11M3811" />
    <property name="java.awt.graphicsenv" value="apple.awt.CGraphicsEnvironment" />
    <property name="basedir" value="/Users/reaapi/personal/1step/sample" />
    <property name="java.endorsed.dirs" value="/System/Library/Java/JavaVirtualMachines/1.6.0.jdk/Contents/Home/lib/endorsed" />
    <property name="os.arch" value="x86_64" />
    <property name="ant.project.default-target" value="" />
    <property name="java.io.tmpdir" value="/var/folders/wq/tm1mkd_n74l5z3rs_ml8wxkc0000gn/T/" />
    <property name="ant.core.lib" value="/Users/reaapi/.m2/repository/org/apache/ant/ant/1.8.3/ant-1.8.3.jar" />
    <property name="line.separator" value="&#xa;" />
    <property name="java.vm.specification.vendor" value="Sun Microsystems Inc." />
    <property name="os.name" value="Mac OS X" />
    <property name="net.sourceforge.cobertura.datafile" value="/Users/reaapi/personal/1step/sample/reports/cobertura.ser" />
    <property name="ant.project.name" value="junit" />
    <property name="sun.jnu.encoding" value="MacRoman" />
    <property name="java.library.path" value=".:/Library/Java/Extensions:/System/Library/Java/Extensions:/usr/lib/java" />
    <property name="java.specification.name" value="Java Platform API Specification" />
    <property name="java.class.version" value="50.0" />
    <property name="sun.management.compiler" value="HotSpot 64-Bit Tiered Compilers" />
    <property name="os.version" value="10.8.2" />
    <property name="user.home" value="/Users/reaapi" />
    <property name="user.timezone" value="" />
    <property name="java.awt.printerjob" value="apple.awt.CPrinterJob" />
    <property name="java.specification.version" value="1.6" />
    <property name="file.encoding" value="MacRoman" />
    <property name="user.name" value="reaapi" />
    <property name="java.class.path" value="/Users/reaapi/personal/1step/sample/target/instrumented/classes:/Users/reaapi/.m2/repository/junit/junit/4.10/junit-4.10.jar:/Users/reaapi/.m2/repository/org/mockito/mockito-all/1.9.0/mockito-all-1.9.0.jar:/Users/reaapi/.m2/repository/c3p0/c3p0/0.9.1.2/c3p0-0.9.1.2.jar:/Users/reaapi/.m2/repository/log4j/log4j/1.2.17/log4j-1.2.17.jar:/Users/reaapi/.m2/repository/org/hibernate/hibernate-entitymanager/4.1.6.Final/hibernate-entitymanager-4.1.6.Final.jar:/Users/reaapi/.m2/repository/org/hibernate/hibernate-core/4.1.6.Final/hibernate-core-4.1.6.Final.jar:/Users/reaapi/.m2/repository/org/hibernate/common/hibernate-commons-annotations/4.0.1.Final/hibernate-commons-annotations-4.0.1.Final.jar:/Users/reaapi/.m2/repository/org/hibernate/hibernate-validator/4.3.0.Final/hibernate-validator-4.3.0.Final.jar:/Users/reaapi/.m2/repository/org/javassist/javassist/3.16.1-GA/javassist-3.16.1-GA.jar:/Users/reaapi/.m2/repository/org/jboss/logging/jboss-logging/3.1.2.GA/jboss-logging-3.1.2.GA.jar:/Users/reaapi/.m2/repository/javax/transaction/jta/1.1/jta-1.1.jar:/Users/reaapi/.m2/repository/dom4j/dom4j/1.6.1/dom4j-1.6.1.jar:/Users/reaapi/.m2/repository/antlr/antlr/2.7.7/antlr-2.7.7.jar:/Users/reaapi/.m2/repository/mysql/mysql-connector-java/5.1.21/mysql-connector-java-5.1.21.jar:/Users/reaapi/personal/1step/sample/target/test/classes:/Users/reaapi/personal/1step/sample/target/classes:/Users/reaapi/personal/1step/sample/target/resources:/Users/reaapi/.m2/repository/com/google/guava/guava/13.0/guava-13.0.jar:/Users/reaapi/.m2/repository/joda-time/joda-time/2.1/joda-time-2.1.jar:/Users/reaapi/.m2/repository/org/springframework/spring-core/3.1.2.RELEASE/spring-core-3.1.2.RELEASE.jar:/Users/reaapi/.m2/repository/org/springframework/spring-beans/3.1.2.RELEASE/spring-beans-3.1.2.RELEASE.jar:/Users/reaapi/.m2/repository/org/springframework/spring-context/3.1.2.RELEASE/spring-context-3.1.2.RELEASE.jar:/Users/reaapi/.m2/repository/org/springframework/spring-context-support/3.1.2.RELEASE/spring-context-support-3.1.2.RELEASE.jar:/Users/reaapi/.m2/repository/org/springframework/spring-webmvc/3.1.2.RELEASE/spring-webmvc-3.1.2.RELEASE.jar:/Users/reaapi/.m2/repository/javax/el/el-api/1.0/el-api-1.0.jar:/Users/reaapi/.m2/repository/org/apache/tomcat/tomcat-servlet-api/7.0.8/tomcat-servlet-api-7.0.8.jar:/Users/reaapi/.m2/repository/javax/servlet/jsp/jsp-api/2.1/jsp-api-2.1.jar:/Users/reaapi/.m2/repository/javax/servlet/jstl/1.1.2/jstl-1.1.2.jar:/Users/reaapi/.m2/repository/org/springframework/spring-asm/3.1.2.RELEASE/spring-asm-3.1.2.RELEASE.jar:/Users/reaapi/.m2/repository/commons-logging/commons-logging/1.1.1/commons-logging-1.1.1.jar:/Users/reaapi/.m2/repository/org/springframework/spring-aop/3.1.2.RELEASE/spring-aop-3.1.2.RELEASE.jar:/Users/reaapi/.m2/repository/aopalliance/aopalliance/1.0/aopalliance-1.0.jar:/Users/reaapi/.m2/repository/org/springframework/spring-expression/3.1.2.RELEASE/spring-expression-3.1.2.RELEASE.jar:/Users/reaapi/.m2/repository/org/springframework/spring-web/3.1.2.RELEASE/spring-web-3.1.2.RELEASE.jar:/Users/reaapi/.m2/repository/javax/validation/validation-api/1.0.0.GA/validation-api-1.0.0.GA.jar:/Users/reaapi/.m2/repository/org/springframework/spring-jdbc/3.1.2.RELEASE/spring-jdbc-3.1.2.RELEASE.jar:/Users/reaapi/.m2/repository/org/springframework/spring-tx/3.1.2.RELEASE/spring-tx-3.1.2.RELEASE.jar:/Users/reaapi/.m2/repository/org/springframework/spring-orm/3.1.2.RELEASE/spring-orm-3.1.2.RELEASE.jar:/Users/reaapi/.m2/repository/org/springframework/data/spring-data-commons-core/1.3.2.RELEASE/spring-data-commons-core-1.3.2.RELEASE.jar:/Users/reaapi/.m2/repository/org/springframework/data/spring-data-jpa/1.1.0.RELEASE/spring-data-jpa-1.1.0.RELEASE.jar:/Users/reaapi/.m2/repository/org/springframework/spring-test/3.1.2.RELEASE/spring-test-3.1.2.RELEASE.jar:/Users/reaapi/.m2/repository/org/freemarker/freemarker/2.3.19/freemarker-2.3.19.jar:/Users/reaapi/.m2/repository/org/hibernate/javax/persistence/hibernate-jpa-2.0-api/1.0.1.Final/hibernate-jpa-2.0-api-1.0.1.Final.jar:/Users/reaapi/.m2/repository/junit/junit/4.8.2/junit-4.8.2.jar:/Users/reaapi/.m2/repository/org/jmock/jmock/2.5.1/jmock-2.5.1.jar:/Users/reaapi/.m2/repository/org/jmock/jmock-junit4/2.5.1/jmock-junit4-2.5.1.jar:/Users/reaapi/.m2/repository/org/hamcrest/hamcrest-core/1.1/hamcrest-core-1.1.jar:/Users/reaapi/.m2/repository/org/hamcrest/hamcrest-library/1.1/hamcrest-library-1.1.jar:/Users/reaapi/.m2/repository/net/sourceforge/cobertura/cobertura/1.9.4.1/cobertura-1.9.4.1.jar:/Users/reaapi/.m2/repository/log4j/log4j/1.2.9/log4j-1.2.9.jar:/Users/reaapi/.m2/repository/asm/asm/3.0/asm-3.0.jar:/Users/reaapi/.m2/repository/asm/asm-tree/3.0/asm-tree-3.0.jar:/Users/reaapi/.m2/repository/oro/oro/2.0.8/oro-2.0.8.jar:/Users/reaapi/.m2/repository/org/apache/ant/ant-launcher/1.8.3/ant-launcher-1.8.3.jar:/Users/reaapi/.m2/repository/org/apache/ant/ant/1.8.3/ant-1.8.3.jar:/Users/reaapi/.m2/repository/org/apache/ant/ant-junit/1.8.3/ant-junit-1.8.3.jar" />
    <property name="java.vm.specification.version" value="1.0" />
    <property name="sun.java.command" value="org.apache.tools.ant.taskdefs.optional.junit.JUnitTestRunner testsfile=/Users/reaapi/personal/1step/sample/junittestcases1941380793723414982.properties filtertrace=true haltOnError=false haltOnFailure=false showoutput=false outputtoformatters=true logfailedtests=true logtestlistenerevents=false formatter=org.apache.tools.ant.taskdefs.optional.junit.PlainJUnitResultFormatter,/Users/reaapi/personal/1step/sample/reports/junit/IGNORETHIS.txt formatter=org.apache.tools.ant.taskdefs.optional.junit.PlainJUnitResultFormatter formatter=org.apache.tools.ant.taskdefs.optional.junit.XMLJUnitResultFormatter,/Users/reaapi/personal/1step/sample/reports/junit/IGNORETHIS.xml crashfile=/Users/reaapi/personal/1step/sample/junitvmwatcher4220489382752728449.properties propsfile=/Users/reaapi/personal/1step/sample/junit7185400634022320947.properties" />
    <property name="java.home" value="/System/Library/Java/JavaVirtualMachines/1.6.0.jdk/Contents/Home" />
    <property name="sun.arch.data.model" value="64" />
    <property name="java.specification.vendor" value="Sun Microsystems Inc." />
    <property name="user.language" value="en" />
    <property name="awt.toolkit" value="apple.awt.CToolkit" />
    <property name="java.vm.info" value="mixed mode" />
    <property name="java.version" value="1.6.0_35" />
    <property name="java.ext.dirs" value="/Library/Java/Extensions:/System/Library/Java/Extensions:/System/Library/Java/JavaVirtualMachines/1.6.0.jdk/Contents/Home/lib/ext" />
    <property name="sun.boot.class.path" value="/System/Library/Java/JavaVirtualMachines/1.6.0.jdk/Contents/Classes/jsfd.jar:/System/Library/Java/JavaVirtualMachines/1.6.0.jdk/Contents/Classes/classes.jar:/System/Library/Frameworks/JavaVM.framework/Frameworks/JavaRuntimeSupport.framework/Resources/Java/JavaRuntimeSupport.jar:/System/Library/Java/JavaVirtualMachines/1.6.0.jdk/Contents/Classes/ui.jar:/System/Library/Java/JavaVirtualMachines/1.6.0.jdk/Contents/Classes/laf.jar:/System/Library/Java/JavaVirtualMachines/1.6.0.jdk/Contents/Classes/sunrsasign.jar:/System/Library/Java/JavaVirtualMachines/1.6.0.jdk/Contents/Classes/jsse.jar:/System/Library/Java/JavaVirtualMachines/1.6.0.jdk/Contents/Classes/jce.jar:/System/Library/Java/JavaVirtualMachines/1.6.0.jdk/Contents/Classes/charsets.jar" />
    <property name="java.vendor" value="Apple Inc." />
    <property name="file.separator" value="/" />
    <property name="java.vendor.url.bug" value="http://bugreport.apple.com/" />
    <property name="sun.cpu.endian" value="little" />
    <property name="sun.io.unicode.encoding" value="UnicodeLittle" />
    <property name="mrj.version" value="1070.1.6.0_35-428" />
    <property name="baseDir" value="/Users/reaapi/personal/1step/sample/target/test/classes" />
    <property name="sun.cpu.isalist" value="" />
  </properties>
  <testcase classname="com.foo.FooTest" name="should_say_hello_to_someone" time="0.01" />
  <system-out><![CDATA[]]></system-out>
  <system-err><![CDATA[]]></system-err>
</testsuite>
